GROUP,PACKAGE,CLASS,INSTRUCTION_MISSED,INSTRUCTION_COVERED,BRANCH_MISSED,BRANCH_COVERED,LINE_MISSED,LINE_COVERED,COMPLEXITY_MISSED,COMPLEXITY_COVERED,METHOD_MISSED,METHOD_COVERED
juego-lucha,com.juego.patrones.factory,AsesinFactory,0,13,0,0,0,2,0,2,0,2
juego-lucha,com.juego.patrones.factory,MagoFactory,0,16,0,0,0,2,0,2,0,2
juego-lucha,com.juego.patrones.factory,GuerreroFactory,0,16,0,0,0,2,0,2,0,2
juego-lucha,com.juego.patrones.decorator,ArmaduraDecorator,0,24,0,0,0,7,0,3,0,3
juego-lucha,com.juego.patrones.decorator,FuerzaDecorator,0,23,0,0,0,7,0,3,0,3
juego-lucha,com.juego.patrones.decorator,VenenoDecorator,17,13,0,0,5,4,1,3,1,3
juego-lucha,com.juego.patrones.decorator,PersonajeDecorator,13,10,0,0,3,4,3,2,3,2
juego-lucha,com.juego.model,PersonajeBase,10,49,0,6,2,13,1,8,1,5
juego-lucha,com.juego.juego,JuegoLucha,123,0,12,0,32,0,8,0,2,0
